PUSHI 0
1 2 3 4 0 
LOAD PUSHI 1 LOAD PUSHI 1 LOAD NOR PUSHI 1 ADD ADD PUSHI 2 STORE NOOP HALT 
999 888 1 2 0 0 0 0 0 0 0 0 0 0 0 1 
LOAD
1 2 3 4 999 
PUSHI 1 LOAD PUSHI 1 LOAD NOR PUSHI 1 ADD ADD PUSHI 2 STORE NOOP HALT 
999 888 1 2 0 0 0 0 0 0 0 0 0 0 0 1 
PUSHI 1
1 2 3 4 999 1 
LOAD PUSHI 1 LOAD NOR PUSHI 1 ADD ADD PUSHI 2 STORE NOOP HALT 
999 888 1 2 0 0 0 0 0 0 0 0 0 0 0 1 
LOAD
1 2 3 4 999 888 
PUSHI 1 LOAD NOR PUSHI 1 ADD ADD PUSHI 2 STORE NOOP HALT 
999 888 1 2 0 0 0 0 0 0 0 0 0 0 0 1 
PUSHI 1
1 2 3 4 999 888 1 
LOAD NOR PUSHI 1 ADD ADD PUSHI 2 STORE NOOP HALT 
999 888 1 2 0 0 0 0 0 0 0 0 0 0 0 1 
LOAD
1 2 3 4 999 888 888 
NOR PUSHI 1 ADD ADD PUSHI 2 STORE NOOP HALT 
999 888 1 2 0 0 0 0 0 0 0 0 0 0 0 1 
NOR
1 2 3 4 999 -889 
PUSHI 1 ADD ADD PUSHI 2 STORE NOOP HALT 
999 888 1 2 0 0 0 0 0 0 0 0 0 0 0 1 
PUSHI 1
1 2 3 4 999 -889 1 
ADD ADD PUSHI 2 STORE NOOP HALT 
999 888 1 2 0 0 0 0 0 0 0 0 0 0 0 1 
ADD
1 2 3 4 999 -888 
ADD PUSHI 2 STORE NOOP HALT 
999 888 1 2 0 0 0 0 0 0 0 0 0 0 0 1 
ADD
1 2 3 4 111 
PUSHI 2 STORE NOOP HALT 
999 888 1 2 0 0 0 0 0 0 0 0 0 0 0 1 
PUSHI 2
1 2 3 4 111 2 
STORE NOOP HALT 
999 888 1 2 0 0 0 0 0 0 0 0 0 0 0 1 
STORE
1 2 3 4 
NOOP HALT 
999 888 111 2 0 0 0 0 0 0 0 0 0 0 0 1 
NOOP
1 2 3 4 
HALT 
999 888 111 2 0 0 0 0 0 0 0 0 0 0 0 1 
HALT
1 2 3 4 

999 888 111 2 0 0 0 0 0 0 0 0 0 0 0 1 
